CRITICAL - 2026-06-20 04:52:42 --> CodeIgniter\Database\Exceptions\DataException: There is no data to update.
[Method: PUT, Route: api/buku/1]
in SYSTEMPATH\BaseModel.php on line 1057.
 1 SYSTEMPATH\BaseModel.php(1057): CodeIgniter\Database\Exceptions\DataException::forEmptyDataset('update')
 2 SYSTEMPATH\Model.php(711): CodeIgniter\BaseModel->update([...], [])
 3 APPPATH\Controllers\BukuController.php(90): CodeIgniter\Model->update('1', [...])
 4 SYSTEMPATH\CodeIgniter.php(974): App\Controllers\BukuController->update('1')
 5 SYSTEMPATH\CodeIgniter.php(520): CodeIgniter\CodeIgniter->runController(Object(App\Controllers\BukuController))
 6 SYSTEMPATH\CodeIgniter.php(363): CodeIgniter\CodeIgniter->handleRequest(null, Object(Config\Cache), false)
 7 SYSTEMPATH\Boot.php(417): CodeIgniter\CodeIgniter->run()
 8 SYSTEMPATH\Boot.php(68): CodeIgniter\Boot::runCodeIgniter(Object(CodeIgniter\CodeIgniter))
 9 FCPATH\index.php(71): CodeIgniter\Boot::bootWeb(Object(Config\Paths))
10 SYSTEMPATH\rewrite.php(44): require_once('C:\\xampp1\\htdocs\\backend-api\\backend-api\\public\\index.php')
CRITICAL - 2026-06-20 04:52:54 --> CodeIgniter\Database\Exceptions\DataException: There is no data to update.
[Method: PUT, Route: api/buku/1]
in SYSTEMPATH\BaseModel.php on line 1057.
 1 SYSTEMPATH\BaseModel.php(1057): CodeIgniter\Database\Exceptions\DataException::forEmptyDataset('update')
 2 SYSTEMPATH\Model.php(711): CodeIgniter\BaseModel->update([...], [])
 3 APPPATH\Controllers\BukuController.php(90): CodeIgniter\Model->update('1', [...])
 4 SYSTEMPATH\CodeIgniter.php(974): App\Controllers\BukuController->update('1')
 5 SYSTEMPATH\CodeIgniter.php(520): CodeIgniter\CodeIgniter->runController(Object(App\Controllers\BukuController))
 6 SYSTEMPATH\CodeIgniter.php(363): CodeIgniter\CodeIgniter->handleRequest(null, Object(Config\Cache), false)
 7 SYSTEMPATH\Boot.php(417): CodeIgniter\CodeIgniter->run()
 8 SYSTEMPATH\Boot.php(68): CodeIgniter\Boot::runCodeIgniter(Object(CodeIgniter\CodeIgniter))
 9 FCPATH\index.php(71): CodeIgniter\Boot::bootWeb(Object(Config\Paths))
10 SYSTEMPATH\rewrite.php(44): require_once('C:\\xampp1\\htdocs\\backend-api\\backend-api\\public\\index.php')
