ERROR - 2026-06-19 09:07:49 --> Error connecting to the database: mysqli_sql_exception: Unknown database 'db_elibrary' in C:\xampp1\htdocs\backend-api\backend-api\system\Database\MySQLi\Connection.php:201
Stack trace:
#0 C:\xampp1\htdocs\backend-api\backend-api\system\Database\MySQLi\Connection.php(201): mysqli->real_connect('localhost', 'root', Object(SensitiveParameterValue), 'db_elibrary', 3306, '', 0)
#1 C:\xampp1\htdocs\backend-api\backend-api\system\Database\BaseConnection.php(555): CodeIgniter\Database\MySQLi\Connection->connect(false)
#2 C:\xampp1\htdocs\backend-api\backend-api\system\Database\BaseConnection.php(795): CodeIgniter\Database\BaseConnection->initialize()
#3 C:\xampp1\htdocs\backend-api\backend-api\system\Database\BaseBuilder.php(1647): CodeIgniter\Database\BaseConnection->query('SELECT `buku`.*...', Array, false)
#4 C:\xampp1\htdocs\backend-api\backend-api\system\Model.php(255): CodeIgniter\Database\BaseBuilder->get()
#5 C:\xampp1\htdocs\backend-api\backend-api\system\BaseModel.php(676): CodeIgniter\Model->doFindAll(0, 0)
#6 C:\xampp1\htdocs\backend-api\backend-api\app\Controllers\BukuController.php(22): CodeIgniter\BaseModel->findAll()
#7 C:\xampp1\htdocs\backend-api\backend-api\system\CodeIgniter.php(974): App\Controllers\BukuController->index()
#8 C:\xampp1\htdocs\backend-api\backend-api\system\CodeIgniter.php(520): CodeIgniter\CodeIgniter->runController(Object(App\Controllers\BukuController))
#9 C:\xampp1\htdocs\backend-api\backend-api\system\CodeIgniter.php(363): CodeIgniter\CodeIgniter->handleRequest(NULL, Object(Config\Cache), false)
#10 C:\xampp1\htdocs\backend-api\backend-api\system\Boot.php(417): CodeIgniter\CodeIgniter->run()
#11 C:\xampp1\htdocs\backend-api\backend-api\system\Boot.php(68): CodeIgniter\Boot::runCodeIgniter(Object(CodeIgniter\CodeIgniter))
#12 C:\xampp1\htdocs\backend-api\backend-api\public\index.php(71): CodeIgniter\Boot::bootWeb(Object(Config\Paths))
#13 C:\xampp1\htdocs\backend-api\backend-api\system\rewrite.php(44): require_once('C:\\xampp1\\htdoc...')
#14 {main}

Next CodeIgniter\Database\Exceptions\DatabaseException: Unknown database 'db_elibrary' in C:\xampp1\htdocs\backend-api\backend-api\system\Database\MySQLi\Connection.php:231
Stack trace:
#0 C:\xampp1\htdocs\backend-api\backend-api\system\Database\BaseConnection.php(555): CodeIgniter\Database\MySQLi\Connection->connect(false)
#1 C:\xampp1\htdocs\backend-api\backend-api\system\Database\BaseConnection.php(795): CodeIgniter\Database\BaseConnection->initialize()
#2 C:\xampp1\htdocs\backend-api\backend-api\system\Database\BaseBuilder.php(1647): CodeIgniter\Database\BaseConnection->query('SELECT `buku`.*...', Array, false)
#3 C:\xampp1\htdocs\backend-api\backend-api\system\Model.php(255): CodeIgniter\Database\BaseBuilder->get()
#4 C:\xampp1\htdocs\backend-api\backend-api\system\BaseModel.php(676): CodeIgniter\Model->doFindAll(0, 0)
#5 C:\xampp1\htdocs\backend-api\backend-api\app\Controllers\BukuController.php(22): CodeIgniter\BaseModel->findAll()
#6 C:\xampp1\htdocs\backend-api\backend-api\system\CodeIgniter.php(974): App\Controllers\BukuController->index()
#7 C:\xampp1\htdocs\backend-api\backend-api\system\CodeIgniter.php(520): CodeIgniter\CodeIgniter->runController(Object(App\Controllers\BukuController))
#8 C:\xampp1\htdocs\backend-api\backend-api\system\CodeIgniter.php(363): CodeIgniter\CodeIgniter->handleRequest(NULL, Object(Config\Cache), false)
#9 C:\xampp1\htdocs\backend-api\backend-api\system\Boot.php(417): CodeIgniter\CodeIgniter->run()
#10 C:\xampp1\htdocs\backend-api\backend-api\system\Boot.php(68): CodeIgniter\Boot::runCodeIgniter(Object(CodeIgniter\CodeIgniter))
#11 C:\xampp1\htdocs\backend-api\backend-api\public\index.php(71): CodeIgniter\Boot::bootWeb(Object(Config\Paths))
#12 C:\xampp1\htdocs\backend-api\backend-api\system\rewrite.php(44): require_once('C:\\xampp1\\htdoc...')
#13 {main}
CRITICAL - 2026-06-19 09:07:49 --> CodeIgniter\Database\Exceptions\DatabaseException: Unable to connect to the database.
Main connection [MySQLi]: Unknown database 'db_elibrary'
[Method: GET, Route: api/buku]
in SYSTEMPATH\Database\BaseConnection.php on line 606.
 1 SYSTEMPATH\Database\BaseConnection.php(795): CodeIgniter\Database\BaseConnection->initialize()
 2 SYSTEMPATH\Database\BaseBuilder.php(1647): CodeIgniter\Database\BaseConnection->query('SELECT `buku`.*, `kategori`.`nama_kategori`
FROM `buku`
LEFT JOIN `kategori` ON `kategori`.`id` = `buku`.`kategori_id`', [], false)
 3 SYSTEMPATH\Model.php(255): CodeIgniter\Database\BaseBuilder->get()
 4 SYSTEMPATH\BaseModel.php(676): CodeIgniter\Model->doFindAll(0, 0)
 5 APPPATH\Controllers\BukuController.php(22): CodeIgniter\BaseModel->findAll()
 6 SYSTEMPATH\CodeIgniter.php(974): App\Controllers\BukuController->index()
 7 SYSTEMPATH\CodeIgniter.php(520): CodeIgniter\CodeIgniter->runController(Object(App\Controllers\BukuController))
 8 SYSTEMPATH\CodeIgniter.php(363): CodeIgniter\CodeIgniter->handleRequest(null, Object(Config\Cache), false)
 9 SYSTEMPATH\Boot.php(417): CodeIgniter\CodeIgniter->run()
10 SYSTEMPATH\Boot.php(68): CodeIgniter\Boot::runCodeIgniter(Object(CodeIgniter\CodeIgniter))
11 FCPATH\index.php(71): CodeIgniter\Boot::bootWeb(Object(Config\Paths))
12 SYSTEMPATH\rewrite.php(44): require_once('C:\\xampp1\\htdocs\\backend-api\\backend-api\\public\\index.php')
